
SQL*Loader: Release 18.0.0.0.0 - Production on Wed Jan 15 14:20:00 2020
Version 18.3.0.0.0

Copyright (c) 1982, 2018, Oracle and/or its affiliates.  All rights reserved.

Control File:   charger.ctl
Data File:      charger.ctl
  Bad File:     charger.bad
  Discard File:  none specified
 
 (Allow all discards)

Number to load: ALL
Number to skip: 0
Errors allowed: 50
Bind array:     250 rows, maximum of 1048576 bytes
Continuation:    none specified
Path used:      Conventional

Table AUTEURS, loaded from every logical record.
Insert option in effect for this table: INSERT

   Column Name                  Position   Len  Term Encl Datatype
------------------------------ ---------- ----- ---- ---- ---------------------
NUM                                 FIRST     *   ,       CHARACTER            
NOM                                  NEXT     *   ,       CHARACTER            
PRENOM                               NEXT     *   ,       CHARACTER            
    NULL if PRENOM = 0X6e756c6c(character 'null')
PAYS                                 NEXT     *   ,       CHARACTER            
    NULL if PAYS = 0X6e756c6c(character 'null')
TEL                                  NEXT     *   ,       CHARACTER            
    NULL if TEL = 0X6e756c6c(character 'null')

Record 5: Rejected - Error on table AUTEURS, column NUM.
Column not found before end of logical record (use TRAILING NULLCOLS)

Table AUTEURS:
  4 Rows successfully loaded.
  1 Row not loaded due to data errors.
  0 Rows not loaded because all WHEN clauses were failed.
  0 Rows not loaded because all fields were null.


Space allocated for bind array:                 322500 bytes(250 rows)
Read   buffer bytes: 1048576

Total logical records skipped:          0
Total logical records read:             5
Total logical records rejected:         1
Total logical records discarded:        0

Run began on Wed Jan 15 14:20:00 2020
Run ended on Wed Jan 15 14:20:00 2020

Elapsed time was:     00:00:00.08
CPU time was:         00:00:00.03
